<?xml version="1.0" encoding="UTF-8"?>
<testsuite name="EmployerTest$EmployerORMLiteDaoTest" tests="1" skipped="0" failures="0" errors="0" timestamp="2021-09-28T17:46:39" hostname="DESKTOP-CKO7EFM" time="0.034">
  <properties/>
  <testcase name="testReadMutipleEmployers()" classname="EmployerTest$EmployerORMLiteDaoTest" time="0.034"/>
  <system-out><![CDATA[2021-09-28 13:46:38,990 [WARNING] ANDROID Unable to get new instance of class com.j256.ormlite.android.AndroidLogBackend$AndroidLogBackendFactory, so had to use local log: com.j256.ormlite.android.AndroidLogBackend$AndroidLogBackendFactory
2021-09-28 13:46:38,992 [WARNING] COMMONS_LOGGING Unable to get new instance of class com.j256.ormlite.logger.CommonsLoggingLogBackend$CommonsLoggingLogBackendFactory, so had to use local log: org/apache/commons/logging/LogFactory
2021-09-28 13:46:38,993 [WARNING] LOG4J2 Unable to get new instance of class com.j256.ormlite.logger.Log4j2LogBackend$Log4j2LogBackendFactory, so had to use local log: org/apache/logging/log4j/LogManager
2021-09-28 13:46:38,994 [WARNING] LOG4J Unable to get new instance of class com.j256.ormlite.logger.Log4jLogBackend$Log4jLogBackendFactory, so had to use local log: org/apache/log4j/Priority
]]></system-out>
  <system-err><![CDATA[[Test worker] INFO com.j256.ormlite.table.TableUtils - creating table 'employers'
[Test worker] INFO com.j256.ormlite.table.TableUtils - executed create table statement changed 0 rows: CREATE TABLE IF NOT EXISTS `employers` (`id` INTEGER PRIMARY KEY AUTOINCREMENT , `name` VARCHAR NOT NULL , `sector` VARCHAR NOT NULL , `summary` VARCHAR ,  UNIQUE (`name`)) 
[Test worker] INFO com.j256.ormlite.table.TableUtils - clearing table 'employers' with 'DELETE FROM `employers`
]]></system-err>
</testsuite>
